2014-07-03 23:49:14.810 HelloCordova[1342:70b] Multi-tasking -> Device: YES, App: YES
2014-07-03 23:49:14.934 HelloCordova[1342:70b] Unlimited access to network resources
2014-07-03 23:49:17.027 HelloCordova[1342:70b] [CDVTimer][keyboard] 0.061989ms
2014-07-03 23:49:17.027 HelloCordova[1342:70b] CDVPlugin class CDVStatusBar (pluginName: statusbar) does not exist.
2014-07-03 23:49:17.028 HelloCordova[1342:70b] [CDVTimer][statusbar] 0.374019ms
2014-07-03 23:49:17.028 HelloCordova[1342:70b] [CDVTimer][TotalPluginStartup] 1.318991ms
2014-07-03 23:49:17.483 HelloCordova[1342:70b] Resetting plugins due to page load.
2014-07-03 23:49:18.054 HelloCordova[1342:70b] Finished load of: file:///Users/mickaelmarquez/Library/Application%20Support/iPhone%20Simulator/7.1/Applications/A4D4C172-4CFC-456C-8ADF-042CE6678510/HelloCordova.app/www/index.html#/tab/dash
2014-07-03 23:57:14.726 HelloCordova[1645:70b] Multi-tasking -> Device: YES, App: YES
2014-07-03 23:57:14.735 HelloCordova[1645:70b] Unlimited access to network resources
2014-07-03 23:57:14.752 HelloCordova[1645:70b] [CDVTimer][keyboard] 0.076950ms
2014-07-03 23:57:14.753 HelloCordova[1645:70b] CDVPlugin class CDVStatusBar (pluginName: statusbar) does not exist.
2014-07-03 23:57:14.753 HelloCordova[1645:70b] [CDVTimer][statusbar] 0.490010ms
2014-07-03 23:57:14.754 HelloCordova[1645:70b] [CDVTimer][TotalPluginStartup] 1.596987ms
2014-07-03 23:57:14.795 HelloCordova[1645:70b] Resetting plugins due to page load.
2014-07-03 23:57:14.932 HelloCordova[1645:70b] Finished load of: file:///Users/mickaelmarquez/Library/Application%20Support/iPhone%20Simulator/7.1/Applications/A4D4C172-4CFC-456C-8ADF-042CE6678510/HelloCordova.app/www/index.html#/tab/dash
2014-07-03 23:59:37.115 HelloCordova[1843:70b] Multi-tasking -> Device: YES, App: YES
2014-07-03 23:59:37.120 HelloCordova[1843:70b] Unlimited access to network resources
2014-07-03 23:59:37.137 HelloCordova[1843:70b] [CDVTimer][keyboard] 0.061989ms
2014-07-03 23:59:37.137 HelloCordova[1843:70b] CDVPlugin class CDVStatusBar (pluginName: statusbar) does not exist.
2014-07-03 23:59:37.137 HelloCordova[1843:70b] [CDVTimer][statusbar] 0.369012ms
2014-07-03 23:59:37.138 HelloCordova[1843:70b] [CDVTimer][TotalPluginStartup] 1.170039ms
2014-07-03 23:59:37.210 HelloCordova[1843:70b] Resetting plugins due to page load.
2014-07-03 23:59:37.320 HelloCordova[1843:70b] Finished load of: file:///Users/mickaelmarquez/Library/Application%20Support/iPhone%20Simulator/7.1/Applications/A4D4C172-4CFC-456C-8ADF-042CE6678510/HelloCordova.app/www/index.html#/tab/dash
2014-07-04 00:05:36.793 HelloCordova[2154:70b] Multi-tasking -> Device: YES, App: YES
2014-07-04 00:05:36.799 HelloCordova[2154:70b] Unlimited access to network resources
2014-07-04 00:05:36.814 HelloCordova[2154:70b] [CDVTimer][keyboard] 0.049949ms
2014-07-04 00:05:36.814 HelloCordova[2154:70b] CDVPlugin class CDVStatusBar (pluginName: statusbar) does not exist.
2014-07-04 00:05:36.815 HelloCordova[2154:70b] [CDVTimer][statusbar] 0.396013ms
2014-07-04 00:05:36.815 HelloCordova[2154:70b] [CDVTimer][TotalPluginStartup] 1.219988ms
2014-07-04 00:05:36.846 HelloCordova[2154:70b] Resetting plugins due to page load.
2014-07-04 00:05:36.951 HelloCordova[2154:70b] Finished load of: file:///Users/mickaelmarquez/Library/Application%20Support/iPhone%20Simulator/7.1/Applications/A4D4C172-4CFC-456C-8ADF-042CE6678510/HelloCordova.app/www/index.html#/tab/dash
2014-07-04 00:10:04.545 HelloCordova[2671:70b] Multi-tasking -> Device: YES, App: YES
2014-07-04 00:10:04.553 HelloCordova[2671:70b] Unlimited access to network resources
2014-07-04 00:10:04.571 HelloCordova[2671:70b] [CDVTimer][keyboard] 0.079989ms
2014-07-04 00:10:04.572 HelloCordova[2671:70b] CDVPlugin class CDVStatusBar (pluginName: statusbar) does not exist.
2014-07-04 00:10:04.572 HelloCordova[2671:70b] [CDVTimer][statusbar] 0.420034ms
2014-07-04 00:10:04.573 HelloCordova[2671:70b] [CDVTimer][TotalPluginStartup] 1.374006ms
2014-07-04 00:10:04.676 HelloCordova[2671:70b] Resetting plugins due to page load.
2014-07-04 00:10:04.837 HelloCordova[2671:70b] Finished load of: file:///Users/mickaelmarquez/Library/Application%20Support/iPhone%20Simulator/7.1/Applications/A4D4C172-4CFC-456C-8ADF-042CE6678510/HelloCordova.app/www/index.html#/tab/dash
2014-07-04 00:18:12.618 HelloCordova[3174:70b] Multi-tasking -> Device: YES, App: YES
2014-07-04 00:18:12.626 HelloCordova[3174:70b] Unlimited access to network resources
2014-07-04 00:18:12.645 HelloCordova[3174:70b] [CDVTimer][keyboard] 0.082016ms
2014-07-04 00:18:12.646 HelloCordova[3174:70b] CDVPlugin class CDVStatusBar (pluginName: statusbar) does not exist.
2014-07-04 00:18:12.647 HelloCordova[3174:70b] [CDVTimer][statusbar] 1.017034ms
2014-07-04 00:18:12.647 HelloCordova[3174:70b] [CDVTimer][TotalPluginStartup] 2.015948ms
2014-07-04 00:18:12.751 HelloCordova[3174:70b] Resetting plugins due to page load.
2014-07-04 00:18:12.906 HelloCordova[3174:70b] Finished load of: file:///Users/mickaelmarquez/Library/Application%20Support/iPhone%20Simulator/7.1/Applications/A4D4C172-4CFC-456C-8ADF-042CE6678510/HelloCordova.app/www/index.html#/tab/dash
Terminating in response to SpringBoard's termination.
2014-07-04 00:26:59.417 HelloCordova[3533:70b] Multi-tasking -> Device: YES, App: YES
2014-07-04 00:26:59.426 HelloCordova[3533:70b] Unlimited access to network resources
2014-07-04 00:26:59.446 HelloCordova[3533:70b] [CDVTimer][keyboard] 0.083983ms
2014-07-04 00:26:59.446 HelloCordova[3533:70b] CDVPlugin class CDVStatusBar (pluginName: statusbar) does not exist.
2014-07-04 00:26:59.447 HelloCordova[3533:70b] [CDVTimer][statusbar] 0.432968ms
2014-07-04 00:26:59.447 HelloCordova[3533:70b] [CDVTimer][TotalPluginStartup] 1.380980ms
2014-07-04 00:26:59.555 HelloCordova[3533:70b] Resetting plugins due to page load.
2014-07-04 00:26:59.690 HelloCordova[3533:70b] Finished load of: file:///Users/mickaelmarquez/Library/Application%20Support/iPhone%20Simulator/7.1/Applications/A4D4C172-4CFC-456C-8ADF-042CE6678510/HelloCordova.app/www/index.html#/tab/dash
2014-07-04 00:29:19.157 HelloCordova[3836:70b] Multi-tasking -> Device: YES, App: YES
2014-07-04 00:29:19.162 HelloCordova[3836:70b] Unlimited access to network resources
2014-07-04 00:29:19.176 HelloCordova[3836:70b] [CDVTimer][keyboard] 0.048995ms
2014-07-04 00:29:19.177 HelloCordova[3836:70b] CDVPlugin class CDVStatusBar (pluginName: statusbar) does not exist.
2014-07-04 00:29:19.177 HelloCordova[3836:70b] [CDVTimer][statusbar] 0.331044ms
2014-07-04 00:29:19.177 HelloCordova[3836:70b] [CDVTimer][TotalPluginStartup] 1.102984ms
2014-07-04 00:29:19.207 HelloCordova[3836:70b] Resetting plugins due to page load.
2014-07-04 00:29:19.302 HelloCordova[3836:70b] Finished load of: file:///Users/mickaelmarquez/Library/Application%20Support/iPhone%20Simulator/7.1/Applications/A4D4C172-4CFC-456C-8ADF-042CE6678510/HelloCordova.app/www/index.html#/tab/dash
Terminating in response to SpringBoard's termination.
2014-07-04 00:29:32.745 HelloCordova[4028:70b] Multi-tasking -> Device: YES, App: YES
2014-07-04 00:29:32.751 HelloCordova[4028:70b] Unlimited access to network resources
2014-07-04 00:29:32.764 HelloCordova[4028:70b] [CDVTimer][keyboard] 0.050962ms
2014-07-04 00:29:32.765 HelloCordova[4028:70b] CDVPlugin class CDVStatusBar (pluginName: statusbar) does not exist.
2014-07-04 00:29:32.765 HelloCordova[4028:70b] [CDVTimer][statusbar] 0.347972ms
2014-07-04 00:29:32.765 HelloCordova[4028:70b] [CDVTimer][TotalPluginStartup] 1.159012ms
2014-07-04 00:29:32.843 HelloCordova[4028:70b] Resetting plugins due to page load.
2014-07-04 00:29:32.953 HelloCordova[4028:70b] Finished load of: file:///Users/mickaelmarquez/Library/Application%20Support/iPhone%20Simulator/7.1/Applications/A4D4C172-4CFC-456C-8ADF-042CE6678510/HelloCordova.app/www/index.html#/tab/dash
2014-07-04 00:30:21.108 HelloCordova[4361:70b] Multi-tasking -> Device: YES, App: YES
2014-07-04 00:30:21.117 HelloCordova[4361:70b] Unlimited access to network resources
2014-07-04 00:30:21.136 HelloCordova[4361:70b] [CDVTimer][keyboard] 0.069976ms
2014-07-04 00:30:21.137 HelloCordova[4361:70b] CDVPlugin class CDVStatusBar (pluginName: statusbar) does not exist.
2014-07-04 00:30:21.137 HelloCordova[4361:70b] [CDVTimer][statusbar] 0.481963ms
2014-07-04 00:30:21.138 HelloCordova[4361:70b] [CDVTimer][TotalPluginStartup] 1.524985ms
2014-07-04 00:30:21.249 HelloCordova[4361:70b] Resetting plugins due to page load.
2014-07-04 00:30:21.413 HelloCordova[4361:70b] Finished load of: file:///Users/mickaelmarquez/Library/Application%20Support/iPhone%20Simulator/7.1/Applications/A4D4C172-4CFC-456C-8ADF-042CE6678510/HelloCordova.app/www/index.html#/tab/dash
2014-07-04 00:34:06.703 HelloCordova[4566:70b] Multi-tasking -> Device: YES, App: YES
2014-07-04 00:34:06.712 HelloCordova[4566:70b] Unlimited access to network resources
2014-07-04 00:34:06.731 HelloCordova[4566:70b] [CDVTimer][keyboard] 0.079989ms
2014-07-04 00:34:06.731 HelloCordova[4566:70b] CDVPlugin class CDVStatusBar (pluginName: statusbar) does not exist.
2014-07-04 00:34:06.732 HelloCordova[4566:70b] [CDVTimer][statusbar] 0.428021ms
2014-07-04 00:34:06.732 HelloCordova[4566:70b] [CDVTimer][TotalPluginStartup] 1.371026ms
2014-07-04 00:34:06.830 HelloCordova[4566:70b] Resetting plugins due to page load.
2014-07-04 00:34:06.960 HelloCordova[4566:70b] Finished load of: file:///Users/mickaelmarquez/Library/Application%20Support/iPhone%20Simulator/7.1/Applications/A4D4C172-4CFC-456C-8ADF-042CE6678510/HelloCordova.app/www/index.html#/tab/dash
2014-07-04 00:38:34.473 HelloCordova[4768:70b] Multi-tasking -> Device: YES, App: YES
2014-07-04 00:38:34.478 HelloCordova[4768:70b] Unlimited access to network resources
2014-07-04 00:38:34.492 HelloCordova[4768:70b] [CDVTimer][keyboard] 0.050962ms
2014-07-04 00:38:34.492 HelloCordova[4768:70b] CDVPlugin class CDVStatusBar (pluginName: statusbar) does not exist.
2014-07-04 00:38:34.493 HelloCordova[4768:70b] [CDVTimer][statusbar] 0.366986ms
2014-07-04 00:38:34.493 HelloCordova[4768:70b] [CDVTimer][TotalPluginStartup] 1.147985ms
2014-07-04 00:38:34.522 HelloCordova[4768:70b] Resetting plugins due to page load.
2014-07-04 00:38:34.617 HelloCordova[4768:70b] Finished load of: file:///Users/mickaelmarquez/Library/Application%20Support/iPhone%20Simulator/7.1/Applications/A4D4C172-4CFC-456C-8ADF-042CE6678510/HelloCordova.app/www/index.html#/tab/dash
Terminating in response to SpringBoard's termination.
2014-07-04 00:39:11.818 HelloCordova[4961:70b] Multi-tasking -> Device: YES, App: YES
2014-07-04 00:39:11.824 HelloCordova[4961:70b] Unlimited access to network resources
2014-07-04 00:39:11.842 HelloCordova[4961:70b] [CDVTimer][keyboard] 0.055969ms
2014-07-04 00:39:11.843 HelloCordova[4961:70b] CDVPlugin class CDVStatusBar (pluginName: statusbar) does not exist.
2014-07-04 00:39:11.843 HelloCordova[4961:70b] [CDVTimer][statusbar] 0.383973ms
2014-07-04 00:39:11.843 HelloCordova[4961:70b] [CDVTimer][TotalPluginStartup] 1.215994ms
2014-07-04 00:39:11.924 HelloCordova[4961:70b] Resetting plugins due to page load.
2014-07-04 00:39:12.060 HelloCordova[4961:70b] Finished load of: file:///Users/mickaelmarquez/Library/Application%20Support/iPhone%20Simulator/7.1/Applications/A4D4C172-4CFC-456C-8ADF-042CE6678510/HelloCordova.app/www/index.html#/tab/dash
2014-07-04 00:39:59.842 HelloCordova[5159:70b] Multi-tasking -> Device: YES, App: YES
2014-07-04 00:39:59.850 HelloCordova[5159:70b] Unlimited access to network resources
2014-07-04 00:39:59.869 HelloCordova[5159:70b] [CDVTimer][keyboard] 0.077963ms
2014-07-04 00:39:59.870 HelloCordova[5159:70b] CDVPlugin class CDVStatusBar (pluginName: statusbar) does not exist.
2014-07-04 00:39:59.870 HelloCordova[5159:70b] [CDVTimer][statusbar] 0.434041ms
2014-07-04 00:39:59.871 HelloCordova[5159:70b] [CDVTimer][TotalPluginStartup] 1.421988ms
2014-07-04 00:39:59.969 HelloCordova[5159:70b] Resetting plugins due to page load.
2014-07-04 00:40:00.105 HelloCordova[5159:70b] Finished load of: file:///Users/mickaelmarquez/Library/Application%20Support/iPhone%20Simulator/7.1/Applications/A4D4C172-4CFC-456C-8ADF-042CE6678510/HelloCordova.app/www/index.html#/tab/dash
2014-07-07 00:15:12.946 HelloCordova[1097:70b] Multi-tasking -> Device: YES, App: YES
2014-07-07 00:15:13.104 HelloCordova[1097:70b] Unlimited access to network resources
2014-07-07 00:15:14.995 HelloCordova[1097:70b] [CDVTimer][keyboard] 0.078976ms
2014-07-07 00:15:14.996 HelloCordova[1097:70b] CDVPlugin class CDVStatusBar (pluginName: statusbar) does not exist.
2014-07-07 00:15:14.996 HelloCordova[1097:70b] [CDVTimer][statusbar] 0.530958ms
2014-07-07 00:15:14.997 HelloCordova[1097:70b] [CDVTimer][TotalPluginStartup] 1.771033ms
2014-07-07 00:15:15.253 HelloCordova[1097:70b] Resetting plugins due to page load.
2014-07-07 00:15:15.811 HelloCordova[1097:70b] Finished load of: file:///Users/mickaelmarquez/Library/Application%20Support/iPhone%20Simulator/7.1/Applications/A4D4C172-4CFC-456C-8ADF-042CE6678510/HelloCordova.app/www/index.html#/tab/dash
2014-07-07 00:19:17.951 HelloCordova[1417:70b] Multi-tasking -> Device: YES, App: YES
2014-07-07 00:19:17.957 HelloCordova[1417:70b] Unlimited access to network resources
2014-07-07 00:19:17.971 HelloCordova[1417:70b] [CDVTimer][keyboard] 0.054002ms
2014-07-07 00:19:17.972 HelloCordova[1417:70b] CDVPlugin class CDVStatusBar (pluginName: statusbar) does not exist.
2014-07-07 00:19:17.972 HelloCordova[1417:70b] [CDVTimer][statusbar] 0.334024ms
2014-07-07 00:19:17.972 HelloCordova[1417:70b] [CDVTimer][TotalPluginStartup] 1.134992ms
2014-07-07 00:19:18.001 HelloCordova[1417:70b] Resetting plugins due to page load.
2014-07-07 00:19:18.091 HelloCordova[1417:70b] Finished load of: file:///Users/mickaelmarquez/Library/Application%20Support/iPhone%20Simulator/7.1/Applications/A4D4C172-4CFC-456C-8ADF-042CE6678510/HelloCordova.app/www/index.html#/tab/dash
Terminating in response to SpringBoard's termination.
2014-07-07 00:19:45.914 HelloCordova[1609:70b] Multi-tasking -> Device: YES, App: YES
2014-07-07 00:19:45.923 HelloCordova[1609:70b] Unlimited access to network resources
2014-07-07 00:19:45.942 HelloCordova[1609:70b] [CDVTimer][keyboard] 0.079989ms
2014-07-07 00:19:45.943 HelloCordova[1609:70b] CDVPlugin class CDVStatusBar (pluginName: statusbar) does not exist.
2014-07-07 00:19:45.943 HelloCordova[1609:70b] [CDVTimer][statusbar] 0.409961ms
2014-07-07 00:19:45.943 HelloCordova[1609:70b] [CDVTimer][TotalPluginStartup] 1.354992ms
2014-07-07 00:19:46.050 HelloCordova[1609:70b] Resetting plugins due to page load.
2014-07-07 00:19:46.198 HelloCordova[1609:70b] Finished load of: file:///Users/mickaelmarquez/Library/Application%20Support/iPhone%20Simulator/7.1/Applications/A4D4C172-4CFC-456C-8ADF-042CE6678510/HelloCordova.app/www/index.html#/tab/dash
2014-07-07 00:20:37.081 HelloCordova[1776:70b] Multi-tasking -> Device: YES, App: YES
2014-07-07 00:20:37.086 HelloCordova[1776:70b] Unlimited access to network resources
2014-07-07 00:20:37.099 HelloCordova[1776:70b] [CDVTimer][keyboard] 0.052989ms
2014-07-07 00:20:37.100 HelloCordova[1776:70b] CDVPlugin class CDVStatusBar (pluginName: statusbar) does not exist.
2014-07-07 00:20:37.100 HelloCordova[1776:70b] [CDVTimer][statusbar] 0.330985ms
2014-07-07 00:20:37.100 HelloCordova[1776:70b] [CDVTimer][TotalPluginStartup] 1.124024ms
2014-07-07 00:20:37.129 HelloCordova[1776:70b] Resetting plugins due to page load.
2014-07-07 00:20:37.227 HelloCordova[1776:70b] Finished load of: file:///Users/mickaelmarquez/Library/Application%20Support/iPhone%20Simulator/7.1/Applications/A4D4C172-4CFC-456C-8ADF-042CE6678510/HelloCordova.app/www/index.html#/tab/dash
2014-07-07 00:20:56.069 HelloCordova[2108:70b] Multi-tasking -> Device: YES, App: YES
2014-07-07 00:20:56.075 HelloCordova[2108:70b] Unlimited access to network resources
2014-07-07 00:20:56.090 HelloCordova[2108:70b] [CDVTimer][keyboard] 0.051975ms
2014-07-07 00:20:56.090 HelloCordova[2108:70b] CDVPlugin class CDVStatusBar (pluginName: statusbar) does not exist.
2014-07-07 00:20:56.090 HelloCordova[2108:70b] [CDVTimer][statusbar] 0.334024ms
2014-07-07 00:20:56.091 HelloCordova[2108:70b] [CDVTimer][TotalPluginStartup] 1.183033ms
2014-07-07 00:20:56.170 HelloCordova[2108:70b] Resetting plugins due to page load.
2014-07-07 00:20:56.281 HelloCordova[2108:70b] Finished load of: file:///Users/mickaelmarquez/Library/Application%20Support/iPhone%20Simulator/7.1/Applications/A4D4C172-4CFC-456C-8ADF-042CE6678510/HelloCordova.app/www/index.html#/tab/dash
Terminating in response to SpringBoard's termination.
2014-07-07 00:31:10.356 HelloCordova[2474:70b] Multi-tasking -> Device: YES, App: YES
2014-07-07 00:31:10.365 HelloCordova[2474:70b] Unlimited access to network resources
2014-07-07 00:31:10.381 HelloCordova[2474:70b] [CDVTimer][keyboard] 0.075996ms
2014-07-07 00:31:10.381 HelloCordova[2474:70b] CDVPlugin class CDVStatusBar (pluginName: statusbar) does not exist.
2014-07-07 00:31:10.381 HelloCordova[2474:70b] [CDVTimer][statusbar] 0.427961ms
2014-07-07 00:31:10.382 HelloCordova[2474:70b] [CDVTimer][TotalPluginStartup] 1.248956ms
2014-07-07 00:31:10.467 HelloCordova[2474:70b] Resetting plugins due to page load.
2014-07-07 00:31:10.596 HelloCordova[2474:70b] Finished load of: file:///Users/mickaelmarquez/Library/Application%20Support/iPhone%20Simulator/7.1/Applications/A4D4C172-4CFC-456C-8ADF-042CE6678510/HelloCordova.app/www/index.html#/tab/dash
2014-07-07 00:32:34.066 HelloCordova[2775:70b] Multi-tasking -> Device: YES, App: YES
2014-07-07 00:32:34.075 HelloCordova[2775:70b] Unlimited access to network resources
2014-07-07 00:32:34.096 HelloCordova[2775:70b] [CDVTimer][keyboard] 0.090003ms
2014-07-07 00:32:34.096 HelloCordova[2775:70b] CDVPlugin class CDVStatusBar (pluginName: statusbar) does not exist.
2014-07-07 00:32:34.097 HelloCordova[2775:70b] [CDVTimer][statusbar] 0.451982ms
2014-07-07 00:32:34.097 HelloCordova[2775:70b] [CDVTimer][TotalPluginStartup] 1.492023ms
2014-07-07 00:32:34.142 HelloCordova[2775:70b] Resetting plugins due to page load.
2014-07-07 00:32:34.265 HelloCordova[2775:70b] Finished load of: file:///Users/mickaelmarquez/Library/Application%20Support/iPhone%20Simulator/7.1/Applications/A4D4C172-4CFC-456C-8ADF-042CE6678510/HelloCordova.app/www/index.html#/tab/dash
2014-07-07 00:32:47.500 HelloCordova[2965:70b] Multi-tasking -> Device: YES, App: YES
2014-07-07 00:32:47.508 HelloCordova[2965:70b] Unlimited access to network resources
2014-07-07 00:32:47.528 HelloCordova[2965:70b] [CDVTimer][keyboard] 0.089049ms
2014-07-07 00:32:47.529 HelloCordova[2965:70b] CDVPlugin class CDVStatusBar (pluginName: statusbar) does not exist.
2014-07-07 00:32:47.529 HelloCordova[2965:70b] [CDVTimer][statusbar] 0.391960ms
2014-07-07 00:32:47.529 HelloCordova[2965:70b] [CDVTimer][TotalPluginStartup] 1.362979ms
2014-07-07 00:32:47.647 HelloCordova[2965:70b] Resetting plugins due to page load.
2014-07-07 00:32:47.824 HelloCordova[2965:70b] Finished load of: file:///Users/mickaelmarquez/Library/Application%20Support/iPhone%20Simulator/7.1/Applications/A4D4C172-4CFC-456C-8ADF-042CE6678510/HelloCordova.app/www/index.html#/tab/dash
